Pig Stack Trace
---------------
ERROR 1000: Error during parsing. File not found: /sample_script1.pig

org.apache.pig.tools.pigscript.parser.ParseException: File not found: /sample_script1.pig
	at org.apache.pig.tools.grunt.GruntParser.loadScript(GruntParser.java:540)
	at org.apache.pig.tools.grunt.GruntParser.processScript(GruntParser.java:496)
	at org.apache.pig.tools.pigscript.parser.PigScriptParser.Script(PigScriptParser.java:1030)
	at org.apache.pig.tools.pigscript.parser.PigScriptParser.parse(PigScriptParser.java:554)
	at org.apache.pig.tools.grunt.GruntParser.parseStopOnError(GruntParser.java:229)
	at org.apache.pig.tools.grunt.GruntParser.parseStopOnError(GruntParser.java:204)
	at org.apache.pig.tools.grunt.Grunt.run(Grunt.java:66)
	at org.apache.pig.Main.run(Main.java:564)
	at org.apache.pig.Main.main(Main.java:175)
	at sun.reflect.NativeMethodAccessorImpl.invoke0(Native Method)
	at sun.reflect.NativeMethodAccessorImpl.invoke(NativeMethodAccessorImpl.java:62)
	at sun.reflect.DelegatingMethodAccessorImpl.invoke(DelegatingMethodAccessorImpl.java:43)
	at java.lang.reflect.Method.invoke(Method.java:498)
	at org.apache.hadoop.util.RunJar.run(RunJar.java:233)
	at org.apache.hadoop.util.RunJar.main(RunJar.java:148)
================================================================================
Pig Stack Trace
---------------
ERROR 2997: Encountered IOException. Directory sample_script1.pig does not exist.

java.io.IOException: Directory sample_script1.pig does not exist.
	at org.apache.pig.tools.grunt.GruntParser.processCat(GruntParser.java:647)
	at org.apache.pig.tools.pigscript.parser.PigScriptParser.parse(PigScriptParser.java:237)
	at org.apache.pig.tools.grunt.GruntParser.parseStopOnError(GruntParser.java:229)
	at org.apache.pig.tools.grunt.GruntParser.parseStopOnError(GruntParser.java:204)
	at org.apache.pig.tools.grunt.Grunt.run(Grunt.java:66)
	at org.apache.pig.Main.run(Main.java:564)
	at org.apache.pig.Main.main(Main.java:175)
	at sun.reflect.NativeMethodAccessorImpl.invoke0(Native Method)
	at sun.reflect.NativeMethodAccessorImpl.invoke(NativeMethodAccessorImpl.java:62)
	at sun.reflect.DelegatingMethodAccessorImpl.invoke(DelegatingMethodAccessorImpl.java:43)
	at java.lang.reflect.Method.invoke(Method.java:498)
	at org.apache.hadoop.util.RunJar.run(RunJar.java:233)
	at org.apache.hadoop.util.RunJar.main(RunJar.java:148)
================================================================================
